<?xml version="1.0" encoding="UTF-8"?>
<!-- Generated by org.testng.reporters.JUnitReportReporter -->
<testsuite hostname="DESKTOP-T2GVVGS" failures="0" tests="3" name="JunkinTest.ParameterTest" time="0.281" errors="0" timestamp="31 May 2022 06:20:18 GMT" skipped="0">
  <testcase classname="JunkinTest.ParameterTest" name="practiceTest1" time="0.006"/>
  <testcase classname="JunkinTest.ParameterTest" name="practiceTest" time="0.267"/>
  <testcase classname="JunkinTest.ParameterTest" name="practiceTest2" time="0.008"/>
</testsuite> <!-- JunkinTest.ParameterTest -->
